<?xml version="1.0" encoding="UTF-8"?>
<!-- Generated by org.testng.reporters.JUnitReportReporter -->
<testsuite hostname="DESKTOP-T49BQB4" failures="0" tests="1" name="test.Amlogin" time="7.486" errors="0" timestamp="2023-01-16T14:58:02 IST" skipped="0">
  <testcase classname="test.Amlogin" name="amlog" time="7.486"/>
  <system-out/>
</testsuite> <!-- test.Amlogin -->
