<?xml version="1.0" encoding="UTF-8"?>
<!-- Generated by org.testng.reporters.JUnitReportReporter -->
<testsuite hostname="DESKTOP-T49BQB4" failures="0" tests="1" name="test.Amlogin" time="5.704" errors="0" timestamp="2023-01-15T14:33:23 IST" skipped="0">
  <testcase classname="test.Amlogin" name="amlog" time="5.704"/>
  <system-out/>
</testsuite> <!-- test.Amlogin -->
